<?xml version="1.0" encoding="UTF-8"?>
<!-- Generated by org.testng.reporters.JUnitXMLReporter -->
<testsuite hostname="DESKTOP-VDO7JPL" ignored="0" name="ULC Tab Test" tests="60" failures="0" timestamp="2022-03-11T16:44:39 EST" time="740.284" errors="0">
  <testcase name="universalLanguageCenterPageTest" time="25.162" classname="com.Web365.ULC.Tab.Test.ULCTabTest"/>
  <testcase name="uLCPageBookNowTest" time="28.138" classname="com.Web365.ULC.Tab.Test.ULCTabTest"/>
  <testcase name="uLCHomePageRegisterTest" time="15.873" classname="com.Web365.ULC.Tab.Test.ULCHomeTabPageTest"/>
  <testcase name="uLCHomePageCoursesTest" time="9.573" classname="com.Web365.ULC.Tab.Test.ULCHomeTabPageTest"/>
  <testcase name="uLCCoursesGermanLanguageTest" time="6.299" classname="com.Web365.ULC.Tab.Test.ULCHomeTabPageTest"/>
  <testcase name="uLCCoursesRussianLanguageTest" time="14.469" classname="com.Web365.ULC.Tab.Test.ULCHomeTabPageTest"/>
  <testcase name="uLCHomePageUniKidsTest" time="9.409" classname="com.Web365.ULC.Tab.Test.ULCHomeTabPageTest"/>
  <testcase name="uLCHomePageIntExamTest" time="8.244" classname="com.Web365.ULC.Tab.Test.ULCHomeTabPageTest"/>
  <testcase name="uLCHomePageCorpPackTest" time="10.227" classname="com.Web365.ULC.Tab.Test.ULCHomeTabPageTest"/>
  <testcase name="uLCHomePageAboutUsAboutUsTest" time="21.581" classname="com.Web365.ULC.Tab.Test.ULCAboutUsTabPageTest"/>
  <testcase name="uLCHomePageAboutUsStaffTest" time="11.118" classname="com.Web365.ULC.Tab.Test.ULCAboutUsTabPageTest"/>
  <testcase name="uLCHomePageAboutUsVacancyTest" time="19.2" classname="com.Web365.ULC.Tab.Test.ULCAboutUsTabPageTest"/>
  <testcase name="uLCHomePageAboutUsGalleryTest" time="18.893" classname="com.Web365.ULC.Tab.Test.ULCAboutUsTabPageTest"/>
  <testcase name="uLCGalleryImagesTest" time="33.547" classname="com.Web365.ULC.Tab.Test.ULCAboutUsTabPageTest"/>
  <testcase name="uLCHomePageCorpPacksTest" time="17.337" classname="com.Web365.ULC.Tab.Test.ULCCorporatePacksTabPageTest"/>
  <testcase name="uLCHomePageCorpPacksPdfTest" time="11.369" classname="com.Web365.ULC.Tab.Test.ULCCorporatePacksTabPageTest"/>
  <testcase name="uLCHomePageCorpPacksSlideMapTest" time="10.394" classname="com.Web365.ULC.Tab.Test.ULCCorporatePacksTabPageTest"/>
  <testcase name="uLCInternExamTabTest" time="15.369" classname="com.Web365.ULC.Tab.Test.ULCInternExamTabPageTest"/>
  <testcase name="uLCIntesolWorldTPageTest" time="9.389" classname="com.Web365.ULC.Tab.Test.ULCIntesolWorldTabPageTest"/>
  <testcase name="uLCIntesolWorldESPPageTest" time="19.37" classname="com.Web365.ULC.Tab.Test.ULCIntesolWorldTabPageTest"/>
  <testcase name="uLCESPEnglishForAcademicPurposeTest" time="6.367" classname="com.Web365.ULC.Tab.Test.ULCIntesolWorldTabPageTest"/>
  <testcase name="uLCEforAPCertificateEnglishGrammar" time="3.699" classname="com.Web365.ULC.Tab.Test.ULCIntesolWorldTabPageTest"/>
  <testcase name="uLCESPEnglishForHospitality" time="5.496" classname="com.Web365.ULC.Tab.Test.ULCIntesolWorldTabPageTest"/>
  <testcase name="uLCCoursesTabLangPageTest" time="7.981" classname="com.Web365.ULC.Tab.Test.ULCCoursesTabPageTest"/>
  <testcase name="uLCCoursesTabUniKidsPageTest" time="2.532" classname="com.Web365.ULC.Tab.Test.ULCCoursesTabPageTest"/>
  <testcase name="uLCCoursesTabUniKidsEnglishTabTest" time="4.758" classname="com.Web365.ULC.Tab.Test.ULCCoursesTabPageTest"/>
  <testcase name="uLCCoursesTabUniKidsGermanTabTest" time="5.936" classname="com.Web365.ULC.Tab.Test.ULCCoursesTabPageTest"/>
  <testcase name="uLCCoursesTabUniKidsFrenchTabTest" time="3.119" classname="com.Web365.ULC.Tab.Test.ULCCoursesTabPageTest"/>
  <testcase name="uLCCoursesTabLevelsPageTest" time="4.936" classname="com.Web365.ULC.Tab.Test.ULCCoursesTabPageTest"/>
  <testcase name="uLCCoursesTabTariffsPageTest" time="4.801" classname="com.Web365.ULC.Tab.Test.ULCCoursesTabPageTest"/>
  <testcase name="uLCCoursesTabSeminarsPageTest" time="2.819" classname="com.Web365.ULC.Tab.Test.ULCCoursesTabPageTest"/>
  <testcase name="uLCCoursesTabNewsPageTest" time="5.865" classname="com.Web365.ULC.Tab.Test.ULCCoursesTabPageTest"/>
  <testcase name="uLCContactsTabPageTest" time="7.423" classname="com.Web365.ULC.Tab.Test.ULCContactsTabPageTest"/>
  <testcase name="uLCContactsPersonalInfoPageTest" time="4.623" classname="com.Web365.ULC.Tab.Test.ULCContactsTabPageTest"/>
  <testcase name="uLCPersonalInfoNameFieldTest" time="13.869" classname="com.Web365.ULC.Tab.Test.ULCContactsTabPageTest"/>
  <testcase name="uLCPersonalInfoEmailFieldTest" time="13.899" classname="com.Web365.ULC.Tab.Test.ULCContactsTabPageTest"/>
  <testcase name="uLCPersonalInfoPhoneFieldTest" time="13.616" classname="com.Web365.ULC.Tab.Test.ULCContactsTabPageTest"/>
  <testcase name="uLCPersonalInfoMessageFieldTest" time="12.18" classname="com.Web365.ULC.Tab.Test.ULCContactsTabPageTest"/>
  <testcase name="uLCPersonalInfoSubmitTest" time="19.894" classname="com.Web365.ULC.Tab.Test.ULCContactsTabPageTest"/>
  <testcase name="uLCContactsPageMapTest" time="7.388" classname="com.Web365.ULC.Tab.Test.ULCContactsTabPageTest"/>
  <testcase name="uLCContactsPageMapDirectionTest" time="16.144" classname="com.Web365.ULC.Tab.Test.ULCContactsTabPageTest"/>
  <testcase name="uLCPagePlaceCardReviewTest" time="20.675" classname="com.Web365.ULC.Tab.Test.ULCContactsTabPageTest"/>
  <testcase name="uLCPageViewLargeMapTest" time="20.05" classname="com.Web365.ULC.Tab.Test.ULCContactsTabPageTest"/>
  <testcase name="uLCContactsPageAboutUsTest" time="6.317" classname="com.Web365.ULC.Tab.Test.ULCContactsTabPageTest"/>
  <testcase name="uLCContactsPageCategoriesTest" time="4.572" classname="com.Web365.ULC.Tab.Test.ULCContactsTabPageTest"/>
  <testcase name="uLCContactsCategoriesHomeTest" time="5.255" classname="com.Web365.ULC.Tab.Test.ULCContactsTabPageTest"/>
  <testcase name="uLCContactsCategoriesAboutUSTest" time="5.633" classname="com.Web365.ULC.Tab.Test.ULCContactsTabPageTest"/>
  <testcase name="uLCContactsCategoriesCorpPacksTest" time="6.491" classname="com.Web365.ULC.Tab.Test.ULCContactsTabPageTest"/>
  <testcase name="uLCContactsCategoriesInternExamTest" time="6.32" classname="com.Web365.ULC.Tab.Test.ULCContactsTabPageTest"/>
  <testcase name="uLCContactsCategoriesUniKidsTest" time="7.452" classname="com.Web365.ULC.Tab.Test.ULCContactsTabPageTest"/>
  <testcase name="uLCContactsCategoriesCoursesTest" time="6.833" classname="com.Web365.ULC.Tab.Test.ULCContactsTabPageTest"/>
  <testcase name="uLCContactsCategoriesNewsTest" time="6.64" classname="com.Web365.ULC.Tab.Test.ULCContactsTabPageTest"/>
  <testcase name="uLCContactsCategoriesContactsTest" time="5.719" classname="com.Web365.ULC.Tab.Test.ULCContactsTabPageTest"/>
  <testcase name="uLCContactsPageFollowUsTest" time="4.891" classname="com.Web365.ULC.Tab.Test.ULCContactsTabPageTest"/>
  <testcase name="uLCContactsPageAddressTest" time="4.786" classname="com.Web365.ULC.Tab.Test.ULCContactsTabPageTest"/>
  <testcase name="uLCContactsPagePhoneTest" time="4.619" classname="com.Web365.ULC.Tab.Test.ULCContactsTabPageTest"/>
  <testcase name="uLCContactsPageEmailTest" time="7.081" classname="com.Web365.ULC.Tab.Test.ULCContactsTabPageTest"/>
  <testcase name="uLCContactsPageFacebookTest" time="8.099" classname="com.Web365.ULC.Tab.Test.ULCContactsTabPageTest"/>
  <testcase name="uLCContactsPageInstagramTest" time="18.162" classname="com.Web365.ULC.Tab.Test.ULCContactsTabPageTest"/>
  <testcase name="uLCContactsPageSkypeTest" time="17.536" classname="com.Web365.ULC.Tab.Test.ULCContactsTabPageTest"/>
</testsuite> <!-- ULC Tab Test -->
